June 6, 2024
    - cleaned CMake ecosystem

February 12, 2023
    - fixed build for project loadlib
    - fixed an issue which prevented stormlib include dir to be visible to extractors
    - raised CMake minimum version to 3.15

February 9, 2023
    - removed libmpq
    - removed dep/tomlib, as stormlib compiles its own tomlib anyway
    - removed zlib and bzip2 from stormlib
    - fixed some CMakeLists.txt
    - C++14 is mandatory from now on

May 12, 2020
    - Make some changes to G3D to allow building on OSX
    (See Commit: https://github.com/mangos/mangosDeps/commit/f717fed03a3ed5f82c10f45c2ea429d9df6f3e1a)

May 27, 2019
    - fixed TomLib::Crypt build on VS
    - fixed Detour/Recast CMake configuration
    - assuring STATIC generation of libraries for ZLIB::ZLIB, BZIP2::BZIP2 and mpqlib

May 10th, 2019
    - cleaned up libmpq
    - bzip2 version raised to 1.0.6
    - zlib version raised to 1.2.11
    - root CMakeLists.txt logic improved
    - revert some FreBSD patches

May 2nd, 2019
    - removed __fastcall attribute from G3D sources
    - removed redundant zlib and bzip2 sources from stormlib
    - added TomCrypt and TomMath as static libs for future removal of OpenSSL
    - changed CmakeLists.txt files to proper show header files on IDEs
    - removed mersenne source code

January 16th, 2019
    - added support for FreeBSD on stormlib

